<?xml version="1.0" encoding="UTF-8"?>
<!-- Generated by org.testng.reporters.JUnitReportReporter -->
<testsuite hostname="Sohail-NYC" failures="0" tests="1" name="com.att.qa.test.homePage.TestDeals" time="28.126" errors="0" timestamp="2022-07-27T00:16:32 EDT" skipped="0">
  <testcase classname="com.att.qa.test.homePage.TestDeals" name="attDeals" time="28.126"/>
  <system-out>
[[ChromeDriver: chrome on WINDOWS (6ed42ddf2abc7e453091ea862fda0905)] -> xpath: //span[text()='Phones & devices']]  : ----> This element has been clicked<br>  </system-out>
</testsuite> <!-- com.att.qa.test.homePage.TestDeals -->
