<?xml version="1.0" encoding="UTF-8"?>
<!-- Generated by org.testng.reporters.JUnitReportReporter -->
<testsuite hostname="Sohail-NYC" failures="0" tests="1" name="com.att.qa.test.homePage.TestDeals" time="58.446" errors="0" timestamp="2022-07-27T17:47:57 EDT" skipped="0">
  <testcase classname="com.att.qa.test.homePage.TestDeals" name="searchBox" time="58.446"/>
  <system-out>
iPhone 13 pro max : This values has been passed into ---> [[ChromeDriver: chrome on WINDOWS (ccd8d37aa707280555ff1f93d371d2aa)] -> xpath: //input[@id='z1-searchfield']]<br> Proxy element for: DefaultElementLocator 'By.xpath: (//span[@class='att-search-highlight'])[1]' ---> This element has been clicked<br> [[ChromeDriver: chrome on WINDOWS (ccd8d37aa707280555ff1f93d371d2aa)] -> xpath: //input[@id='Silver']] ---> This element has been clicked<br> [[ChromeDriver: chrome on WINDOWS (ccd8d37aa707280555ff1f93d371d2aa)] -> xpath: (//div[@class='jsx-3595842764 flex full-width font-regular type-base color-ui-black  mar-b-none'])[1]] ---> This element has been clicked<br> [[ChromeDriver: chrome on WINDOWS (ccd8d37aa707280555ff1f93d371d2aa)] -> xpath: (//div[@class='jsx-3086675332 radio-button-skin line-h-md  btn flex btn-full-width flex-column pad-xs pad-xs'])[6]] ---> This element has been clicked<br> [[ChromeDriver: chrome on WINDOWS (ccd8d37aa707280555ff1f93d371d2aa)] -> xpath: //button[@class='btn btn-primary-2 false bg-functional-blue color-ui-white btn-large btn-full-width']] ---> This element has been clicked<br> [[ChromeDriver: chrome on WINDOWS (ccd8d37aa707280555ff1f93d371d2aa)] -> xpath: (//button[@class='btn  false btn-secondary btn-small btn-full-width JBIsG pad-l-xs pad-r-xs pad-t-none pad-b-none'])[1]] ---> This element has been clicked<br> [[ChromeDriver: chrome on WINDOWS (ccd8d37aa707280555ff1f93d371d2aa)] -> xpath: //button[@value='nonMixAndMatch']] ---> This element has been clicked<br>  </system-out>
</testsuite> <!-- com.att.qa.test.homePage.TestDeals -->
